<?xml version="1.0" encoding="UTF-8"?>
<coverage generated="1783473899269" clover="3.2.0">
  <project timestamp="1783473899269" name="All files">
    <metrics statements="80" coveredstatements="79" conditionals="10" coveredconditionals="10" methods="31" coveredmethods="29" elements="121" coveredelements="118" complexity="0" loc="80" ncloc="80" packages="8" files="23" classes="23"/>
    <package name="src">
      <metrics statements="0" coveredstatements="0" conditionals="0" coveredconditionals="0" methods="0" coveredmethods="0"/>
      <file name="setupTests.ts" path="C:\Users\rebed\OneDrive\Documentos\EbacProyects\CARAS\caras-landing\src\setupTests.ts">
        <metrics statements="0" coveredstatements="0" conditionals="0" coveredconditionals="0" methods="0" coveredmethods="0"/>
      </file>
    </package>
    <package name="src.assets.img">
      <metrics statements="0" coveredstatements="0" conditionals="0" coveredconditionals="0" methods="0" coveredmethods="0"/>
      <file name="Logo 2.png" path="C:\Users\rebed\OneDrive\Documentos\EbacProyects\CARAS\caras-landing\src\assets\img\Logo 2.png">
        <metrics statements="0" coveredstatements="0" conditionals="0" coveredconditionals="0" methods="0" coveredmethods="0"/>
      </file>
      <file name="OtraMujerFeliz.jpg" path="C:\Users\rebed\OneDrive\Documentos\EbacProyects\CARAS\caras-landing\src\assets\img\OtraMujerFeliz.jpg">
        <metrics statements="0" coveredstatements="0" conditionals="0" coveredconditionals="0" methods="0" coveredmethods="0"/>
      </file>
      <file name="facebook-new.png" path="C:\Users\rebed\OneDrive\Documentos\EbacProyects\CARAS\caras-landing\src\assets\img\facebook-new.png">
        <metrics statements="0" coveredstatements="0" conditionals="0" coveredconditionals="0" methods="0" coveredmethods="0"/>
      </file>
      <file name="fondo-periodico-viejo_705652-166.avif" path="C:\Users\rebed\OneDrive\Documentos\EbacProyects\CARAS\caras-landing\src\assets\img\fondo-periodico-viejo_705652-166.avif">
        <metrics statements="0" coveredstatements="0" conditionals="0" coveredconditionals="0" methods="0" coveredmethods="0"/>
      </file>
      <file name="hombreFeliz.png" path="C:\Users\rebed\OneDrive\Documentos\EbacProyects\CARAS\caras-landing\src\assets\img\hombreFeliz.png">
        <metrics statements="0" coveredstatements="0" conditionals="0" coveredconditionals="0" methods="0" coveredmethods="0"/>
      </file>
      <file name="instagram-new.png" path="C:\Users\rebed\OneDrive\Documentos\EbacProyects\CARAS\caras-landing\src\assets\img\instagram-new.png">
        <metrics statements="0" coveredstatements="0" conditionals="0" coveredconditionals="0" methods="0" coveredmethods="0"/>
      </file>
      <file name="mujerFeliz.jpeg" path="C:\Users\rebed\OneDrive\Documentos\EbacProyects\CARAS\caras-landing\src\assets\img\mujerFeliz.jpeg">
        <metrics statements="0" coveredstatements="0" conditionals="0" coveredconditionals="0" methods="0" coveredmethods="0"/>
      </file>
      <file name="news.png" path="C:\Users\rebed\OneDrive\Documentos\EbacProyects\CARAS\caras-landing\src\assets\img\news.png">
        <metrics statements="0" coveredstatements="0" conditionals="0" coveredconditionals="0" methods="0" coveredmethods="0"/>
      </file>
      <file name="noSpam.png" path="C:\Users\rebed\OneDrive\Documentos\EbacProyects\CARAS\caras-landing\src\assets\img\noSpam.png">
        <metrics statements="0" coveredstatements="0" conditionals="0" coveredconditionals="0" methods="0" coveredmethods="0"/>
      </file>
      <file name="oferta.png" path="C:\Users\rebed\OneDrive\Documentos\EbacProyects\CARAS\caras-landing\src\assets\img\oferta.png">
        <metrics statements="0" coveredstatements="0" conditionals="0" coveredconditionals="0" methods="0" coveredmethods="0"/>
      </file>
      <file name="x-social-media-white-icon.png" path="C:\Users\rebed\OneDrive\Documentos\EbacProyects\CARAS\caras-landing\src\assets\img\x-social-media-white-icon.png">
        <metrics statements="0" coveredstatements="0" conditionals="0" coveredconditionals="0" methods="0" coveredmethods="0"/>
      </file>
    </package>
    <package name="src.components.featuredSection">
      <metrics statements="10" coveredstatements="10" conditionals="0" coveredconditionals="0" methods="4" coveredmethods="4"/>
      <file name="index.tsx" path="C:\Users\rebed\OneDrive\Documentos\EbacProyects\CARAS\caras-landing\src\components\featuredSection\index.tsx">
        <metrics statements="2" coveredstatements="2" conditionals="0" coveredconditionals="0" methods="1" coveredmethods="1"/>
        <line num="6" count="1" type="stmt"/>
        <line num="7" count="1" type="stmt"/>
      </file>
      <file name="styles.ts" path="C:\Users\rebed\OneDrive\Documentos\EbacProyects\CARAS\caras-landing\src\components\featuredSection\styles.ts">
        <metrics statements="8" coveredstatements="8" conditionals="0" coveredconditionals="0" methods="3" coveredmethods="3"/>
        <line num="3" count="1" type="stmt"/>
        <line num="10" count="1" type="stmt"/>
        <line num="20" count="1" type="stmt"/>
        <line num="25" count="1" type="stmt"/>
        <line num="29" count="3" type="stmt"/>
        <line num="32" count="1" type="stmt"/>
        <line num="33" count="3" type="stmt"/>
        <line num="34" count="3" type="stmt"/>
      </file>
    </package>
    <package name="src.components.footer">
      <metrics statements="8" coveredstatements="8" conditionals="0" coveredconditionals="0" methods="3" coveredmethods="3"/>
      <file name="index.tsx" path="C:\Users\rebed\OneDrive\Documentos\EbacProyects\CARAS\caras-landing\src\components\footer\index.tsx">
        <metrics statements="2" coveredstatements="2" conditionals="0" coveredconditionals="0" methods="1" coveredmethods="1"/>
        <line num="7" count="1" type="stmt"/>
        <line num="8" count="1" type="stmt"/>
      </file>
      <file name="styles.ts" path="C:\Users\rebed\OneDrive\Documentos\EbacProyects\CARAS\caras-landing\src\components\footer\styles.ts">
        <metrics statements="6" coveredstatements="6" conditionals="0" coveredconditionals="0" methods="2" coveredmethods="2"/>
        <line num="3" count="1" type="stmt"/>
        <line num="4" count="1" type="stmt"/>
        <line num="5" count="1" type="stmt"/>
        <line num="15" count="1" type="stmt"/>
        <line num="19" count="1" type="stmt"/>
        <line num="24" count="1" type="stmt"/>
      </file>
    </package>
    <package name="src.components.header">
      <metrics statements="9" coveredstatements="9" conditionals="0" coveredconditionals="0" methods="4" coveredmethods="4"/>
      <file name="index.tsx" path="C:\Users\rebed\OneDrive\Documentos\EbacProyects\CARAS\caras-landing\src\components\header\index.tsx">
        <metrics statements="2" coveredstatements="2" conditionals="0" coveredconditionals="0" methods="1" coveredmethods="1"/>
        <line num="4" count="1" type="stmt"/>
        <line num="5" count="1" type="stmt"/>
      </file>
      <file name="styles.ts" path="C:\Users\rebed\OneDrive\Documentos\EbacProyects\CARAS\caras-landing\src\components\header\styles.ts">
        <metrics statements="7" coveredstatements="7" conditionals="0" coveredconditionals="0" methods="3" coveredmethods="3"/>
        <line num="3" count="1" type="stmt"/>
        <line num="6" count="1" type="stmt"/>
        <line num="10" count="1" type="stmt"/>
        <line num="15" count="1" type="stmt"/>
        <line num="16" count="1" type="stmt"/>
        <line num="19" count="1" type="stmt"/>
        <line num="20" count="1" type="stmt"/>
      </file>
    </package>
    <package name="src.components.suscriptionForm">
      <metrics statements="39" coveredstatements="38" conditionals="10" coveredconditionals="10" methods="15" coveredmethods="13"/>
      <file name="index.tsx" path="C:\Users\rebed\OneDrive\Documentos\EbacProyects\CARAS\caras-landing\src\components\suscriptionForm\index.tsx">
        <metrics statements="26" coveredstatements="25" conditionals="10" coveredconditionals="10" methods="9" coveredmethods="7"/>
        <line num="10" count="1" type="stmt"/>
        <line num="12" count="66" type="stmt"/>
        <line num="17" count="66" type="stmt"/>
        <line num="23" count="66" type="stmt"/>
        <line num="24" count="3" type="stmt"/>
        <line num="30" count="3" type="stmt"/>
        <line num="31" count="0" type="stmt"/>
        <line num="38" count="66" type="stmt"/>
        <line num="39" count="3" type="stmt"/>
        <line num="41" count="3" type="stmt"/>
        <line num="42" count="3" type="stmt"/>
        <line num="44" count="3" type="cond" truecount="4" falsecount="0"/>
        <line num="45" count="1" type="stmt"/>
        <line num="46" count="1" type="stmt"/>
        <line num="49" count="2" type="stmt"/>
        <line num="51" count="2" type="cond" truecount="2" falsecount="0"/>
        <line num="52" count="1" type="stmt"/>
        <line num="53" count="1" type="stmt"/>
        <line num="56" count="1" type="stmt"/>
        <line num="58" count="1" type="stmt"/>
        <line num="64" count="66" type="stmt"/>
        <line num="65" count="59" type="stmt"/>
        <line num="66" count="59" type="stmt"/>
        <line num="69" count="66" type="stmt"/>
        <line num="80" count="26" type="stmt"/>
        <line num="89" count="33" type="stmt"/>
      </file>
      <file name="styles.ts" path="C:\Users\rebed\OneDrive\Documentos\EbacProyects\CARAS\caras-landing\src\components\suscriptionForm\styles.ts">
        <metrics statements="13" coveredstatements="13" conditionals="0" coveredconditionals="0" methods="6" coveredmethods="6"/>
        <line num="4" count="1" type="stmt"/>
        <line num="14" count="1" type="stmt"/>
        <line num="26" count="66" type="stmt"/>
        <line num="27" count="66" type="stmt"/>
        <line num="30" count="1" type="stmt"/>
        <line num="31" count="66" type="stmt"/>
        <line num="35" count="66" type="stmt"/>
        <line num="38" count="1" type="stmt"/>
        <line num="39" count="132" type="stmt"/>
        <line num="46" count="1" type="stmt"/>
        <line num="48" count="66" type="stmt"/>
        <line num="56" count="1" type="stmt"/>
        <line num="62" count="1" type="stmt"/>
      </file>
    </package>
    <package name="src.components.testimonials">
      <metrics statements="13" coveredstatements="13" conditionals="0" coveredconditionals="0" methods="5" coveredmethods="5"/>
      <file name="index.tsx" path="C:\Users\rebed\OneDrive\Documentos\EbacProyects\CARAS\caras-landing\src\components\testimonials\index.tsx">
        <metrics statements="2" coveredstatements="2" conditionals="0" coveredconditionals="0" methods="1" coveredmethods="1"/>
        <line num="6" count="1" type="stmt"/>
        <line num="7" count="1" type="stmt"/>
      </file>
      <file name="styles.ts" path="C:\Users\rebed\OneDrive\Documentos\EbacProyects\CARAS\caras-landing\src\components\testimonials\styles.ts">
        <metrics statements="11" coveredstatements="11" conditionals="0" coveredconditionals="0" methods="4" coveredmethods="4"/>
        <line num="3" count="1" type="stmt"/>
        <line num="10" count="1" type="stmt"/>
        <line num="19" count="1" type="stmt"/>
        <line num="26" count="3" type="stmt"/>
        <line num="29" count="1" type="stmt"/>
        <line num="37" count="1" type="stmt"/>
        <line num="43" count="1" type="stmt"/>
        <line num="44" count="3" type="stmt"/>
        <line num="47" count="3" type="stmt"/>
        <line num="50" count="1" type="stmt"/>
        <line num="51" count="3" type="stmt"/>
      </file>
    </package>
    <package name="src.theme">
      <metrics statements="1" coveredstatements="1" conditionals="0" coveredconditionals="0" methods="0" coveredmethods="0"/>
      <file name="index.tsx" path="C:\Users\rebed\OneDrive\Documentos\EbacProyects\CARAS\caras-landing\src\theme\index.tsx">
        <metrics statements="1" coveredstatements="1" conditionals="0" coveredconditionals="0" methods="0" coveredmethods="0"/>
        <line num="1" count="5" type="stmt"/>
      </file>
    </package>
  </project>
</coverage>
