{"C:\\Users\\rebed\\OneDrive\\Documentos\\EbacProyects\\CARAS\\caras-landing\\src\\setupTests.ts": {"path":"C:\\Users\\rebed\\OneDrive\\Documentos\\EbacProyects\\CARAS\\caras-landing\\src\\setupTests.ts","statementMap":{},"fnMap":{},"branchMap":{},"s":{},"f":{},"b":{},"meta":{"lastBranch":0,"lastFunction":0,"lastStatement":0,"seen":{},"fnNames":{}}}
,"C:\\Users\\rebed\\OneDrive\\Documentos\\EbacProyects\\CARAS\\caras-landing\\src\\assets\\img\\Logo 2.png": {"path":"C:\\Users\\rebed\\OneDrive\\Documentos\\EbacProyects\\CARAS\\caras-landing\\src\\assets\\img\\Logo 2.png","statementMap":{},"fnMap":{},"branchMap":{},"s":{},"f":{},"b":{},"meta":{"lastBranch":0,"lastFunction":0,"lastStatement":0,"seen":{},"fnNames":{}}}
,"C:\\Users\\rebed\\OneDrive\\Documentos\\EbacProyects\\CARAS\\caras-landing\\src\\assets\\img\\OtraMujerFeliz.jpg": {"path":"C:\\Users\\rebed\\OneDrive\\Documentos\\EbacProyects\\CARAS\\caras-landing\\src\\assets\\img\\OtraMujerFeliz.jpg","statementMap":{},"fnMap":{},"branchMap":{},"s":{},"f":{},"b":{},"meta":{"lastBranch":0,"lastFunction":0,"lastStatement":0,"seen":{},"fnNames":{}}}
,"C:\\Users\\rebed\\OneDrive\\Documentos\\EbacProyects\\CARAS\\caras-landing\\src\\assets\\img\\facebook-new.png": {"path":"C:\\Users\\rebed\\OneDrive\\Documentos\\EbacProyects\\CARAS\\caras-landing\\src\\assets\\img\\facebook-new.png","statementMap":{},"fnMap":{},"branchMap":{},"s":{},"f":{},"b":{},"meta":{"lastBranch":0,"lastFunction":0,"lastStatement":0,"seen":{},"fnNames":{}}}
,"C:\\Users\\rebed\\OneDrive\\Documentos\\EbacProyects\\CARAS\\caras-landing\\src\\assets\\img\\fondo-periodico-viejo_705652-166.avif": {"path":"C:\\Users\\rebed\\OneDrive\\Documentos\\EbacProyects\\CARAS\\caras-landing\\src\\assets\\img\\fondo-periodico-viejo_705652-166.avif","statementMap":{},"fnMap":{},"branchMap":{},"s":{},"f":{},"b":{},"meta":{"lastBranch":0,"lastFunction":0,"lastStatement":0,"seen":{},"fnNames":{}}}
,"C:\\Users\\rebed\\OneDrive\\Documentos\\EbacProyects\\CARAS\\caras-landing\\src\\assets\\img\\hombreFeliz.png": {"path":"C:\\Users\\rebed\\OneDrive\\Documentos\\EbacProyects\\CARAS\\caras-landing\\src\\assets\\img\\hombreFeliz.png","statementMap":{},"fnMap":{},"branchMap":{},"s":{},"f":{},"b":{},"meta":{"lastBranch":0,"lastFunction":0,"lastStatement":0,"seen":{},"fnNames":{}}}
,"C:\\Users\\rebed\\OneDrive\\Documentos\\EbacProyects\\CARAS\\caras-landing\\src\\assets\\img\\instagram-new.png": {"path":"C:\\Users\\rebed\\OneDrive\\Documentos\\EbacProyects\\CARAS\\caras-landing\\src\\assets\\img\\instagram-new.png","statementMap":{},"fnMap":{},"branchMap":{},"s":{},"f":{},"b":{},"meta":{"lastBranch":0,"lastFunction":0,"lastStatement":0,"seen":{},"fnNames":{}}}
,"C:\\Users\\rebed\\OneDrive\\Documentos\\EbacProyects\\CARAS\\caras-landing\\src\\assets\\img\\mujerFeliz.jpeg": {"path":"C:\\Users\\rebed\\OneDrive\\Documentos\\EbacProyects\\CARAS\\caras-landing\\src\\assets\\img\\mujerFeliz.jpeg","statementMap":{},"fnMap":{},"branchMap":{},"s":{},"f":{},"b":{},"meta":{"lastBranch":0,"lastFunction":0,"lastStatement":0,"seen":{},"fnNames":{}}}
,"C:\\Users\\rebed\\OneDrive\\Documentos\\EbacProyects\\CARAS\\caras-landing\\src\\assets\\img\\news.png": {"path":"C:\\Users\\rebed\\OneDrive\\Documentos\\EbacProyects\\CARAS\\caras-landing\\src\\assets\\img\\news.png","statementMap":{},"fnMap":{},"branchMap":{},"s":{},"f":{},"b":{},"meta":{"lastBranch":0,"lastFunction":0,"lastStatement":0,"seen":{},"fnNames":{}}}
,"C:\\Users\\rebed\\OneDrive\\Documentos\\EbacProyects\\CARAS\\caras-landing\\src\\assets\\img\\noSpam.png": {"path":"C:\\Users\\rebed\\OneDrive\\Documentos\\EbacProyects\\CARAS\\caras-landing\\src\\assets\\img\\noSpam.png","statementMap":{},"fnMap":{},"branchMap":{},"s":{},"f":{},"b":{},"meta":{"lastBranch":0,"lastFunction":0,"lastStatement":0,"seen":{},"fnNames":{}}}
,"C:\\Users\\rebed\\OneDrive\\Documentos\\EbacProyects\\CARAS\\caras-landing\\src\\assets\\img\\oferta.png": {"path":"C:\\Users\\rebed\\OneDrive\\Documentos\\EbacProyects\\CARAS\\caras-landing\\src\\assets\\img\\oferta.png","statementMap":{},"fnMap":{},"branchMap":{},"s":{},"f":{},"b":{},"meta":{"lastBranch":0,"lastFunction":0,"lastStatement":0,"seen":{},"fnNames":{}}}
,"C:\\Users\\rebed\\OneDrive\\Documentos\\EbacProyects\\CARAS\\caras-landing\\src\\assets\\img\\x-social-media-white-icon.png": {"path":"C:\\Users\\rebed\\OneDrive\\Documentos\\EbacProyects\\CARAS\\caras-landing\\src\\assets\\img\\x-social-media-white-icon.png","statementMap":{},"fnMap":{},"branchMap":{},"s":{},"f":{},"b":{},"meta":{"lastBranch":0,"lastFunction":0,"lastStatement":0,"seen":{},"fnNames":{}}}
,"C:\\Users\\rebed\\OneDrive\\Documentos\\EbacProyects\\CARAS\\caras-landing\\src\\components\\featuredSection\\index.tsx": {"path":"C:\\Users\\rebed\\OneDrive\\Documentos\\EbacProyects\\CARAS\\caras-landing\\src\\components\\featuredSection\\index.tsx","statementMap":{"0":{"start":{"line":6,"column":6},"end":{"line":24,"column":null}},"1":{"start":{"line":7,"column":4},"end":{"line":24,"column":null}}},"fnMap":{"0":{"name":"(anonymous_0)","decl":{"start":{"line":6,"column":6},"end":{"line":6,"column":30}},"loc":{"start":{"line":6,"column":30},"end":{"line":24,"column":null}},"line":6}},"branchMap":{},"s":{"0":1,"1":1},"f":{"0":1},"b":{},"meta":{"lastBranch":0,"lastFunction":1,"lastStatement":2,"seen":{"s:6:6:24:Infinity":0,"f:6:6:6:30":0,"s:7:4:24:Infinity":1},"fnNames":{}}}
,"C:\\Users\\rebed\\OneDrive\\Documentos\\EbacProyects\\CARAS\\caras-landing\\src\\components\\featuredSection\\styles.ts": {"path":"C:\\Users\\rebed\\OneDrive\\Documentos\\EbacProyects\\CARAS\\caras-landing\\src\\components\\featuredSection\\styles.ts","statementMap":{"0":{"start":{"line":3,"column":28},"end":{"line":3,"column":null}},"1":{"start":{"line":10,"column":29},"end":{"line":10,"column":null}},"2":{"start":{"line":20,"column":20},"end":{"line":20,"column":null}},"3":{"start":{"line":25,"column":17},"end":{"line":29,"column":null}},"4":{"start":{"line":29,"column":34},"end":{"line":29,"column":53}},"5":{"start":{"line":32,"column":21},"end":{"line":34,"column":null}},"6":{"start":{"line":33,"column":34},"end":{"line":33,"column":58}},"7":{"start":{"line":34,"column":28},"end":{"line":34,"column":45}}},"fnMap":{"0":{"name":"(anonymous_0)","decl":{"start":{"line":29,"column":20},"end":{"line":29,"column":22}},"loc":{"start":{"line":29,"column":34},"end":{"line":29,"column":53}},"line":29},"1":{"name":"(anonymous_1)","decl":{"start":{"line":33,"column":20},"end":{"line":33,"column":22}},"loc":{"start":{"line":33,"column":34},"end":{"line":33,"column":58}},"line":33},"2":{"name":"(anonymous_2)","decl":{"start":{"line":34,"column":14},"end":{"line":34,"column":16}},"loc":{"start":{"line":34,"column":28},"end":{"line":34,"column":45}},"line":34}},"branchMap":{},"s":{"0":1,"1":1,"2":1,"3":1,"4":3,"5":1,"6":3,"7":3},"f":{"0":3,"1":3,"2":3},"b":{},"meta":{"lastBranch":0,"lastFunction":3,"lastStatement":8,"seen":{"s:3:28:3:Infinity":0,"s:10:29:10:Infinity":1,"s:20:20:20:Infinity":2,"s:25:17:29:Infinity":3,"f:29:20:29:22":0,"s:29:34:29:53":4,"s:32:21:34:Infinity":5,"f:33:20:33:22":1,"s:33:34:33:58":6,"f:34:14:34:16":2,"s:34:28:34:45":7},"fnNames":{}}}
,"C:\\Users\\rebed\\OneDrive\\Documentos\\EbacProyects\\CARAS\\caras-landing\\src\\components\\footer\\index.tsx": {"path":"C:\\Users\\rebed\\OneDrive\\Documentos\\EbacProyects\\CARAS\\caras-landing\\src\\components\\footer\\index.tsx","statementMap":{"0":{"start":{"line":7,"column":6},"end":{"line":27,"column":null}},"1":{"start":{"line":8,"column":4},"end":{"line":27,"column":null}}},"fnMap":{"0":{"name":"(anonymous_0)","decl":{"start":{"line":7,"column":6},"end":{"line":7,"column":16}},"loc":{"start":{"line":7,"column":23},"end":{"line":27,"column":null}},"line":7}},"branchMap":{},"s":{"0":1,"1":1},"f":{"0":1},"b":{},"meta":{"lastBranch":0,"lastFunction":1,"lastStatement":2,"seen":{"s:7:6:27:Infinity":0,"f:7:6:7:16":0,"s:8:4:27:Infinity":1},"fnNames":{}}}
,"C:\\Users\\rebed\\OneDrive\\Documentos\\EbacProyects\\CARAS\\caras-landing\\src\\components\\footer\\styles.ts": {"path":"C:\\Users\\rebed\\OneDrive\\Documentos\\EbacProyects\\CARAS\\caras-landing\\src\\components\\footer\\styles.ts","statementMap":{"0":{"start":{"line":3,"column":18},"end":{"line":5,"column":null}},"1":{"start":{"line":4,"column":39},"end":{"line":4,"column":63}},"2":{"start":{"line":5,"column":28},"end":{"line":5,"column":47}},"3":{"start":{"line":15,"column":25},"end":{"line":15,"column":null}},"4":{"start":{"line":19,"column":16},"end":{"line":19,"column":null}},"5":{"start":{"line":24,"column":29},"end":{"line":24,"column":null}}},"fnMap":{"0":{"name":"(anonymous_0)","decl":{"start":{"line":4,"column":25},"end":{"line":4,"column":27}},"loc":{"start":{"line":4,"column":39},"end":{"line":4,"column":63}},"line":4},"1":{"name":"(anonymous_1)","decl":{"start":{"line":5,"column":14},"end":{"line":5,"column":16}},"loc":{"start":{"line":5,"column":28},"end":{"line":5,"column":47}},"line":5}},"branchMap":{},"s":{"0":1,"1":1,"2":1,"3":1,"4":1,"5":1},"f":{"0":1,"1":1},"b":{},"meta":{"lastBranch":0,"lastFunction":2,"lastStatement":6,"seen":{"s:3:18:5:Infinity":0,"f:4:25:4:27":0,"s:4:39:4:63":1,"f:5:14:5:16":1,"s:5:28:5:47":2,"s:15:25:15:Infinity":3,"s:19:16:19:Infinity":4,"s:24:29:24:Infinity":5},"fnNames":{}}}
,"C:\\Users\\rebed\\OneDrive\\Documentos\\EbacProyects\\CARAS\\caras-landing\\src\\components\\header\\index.tsx": {"path":"C:\\Users\\rebed\\OneDrive\\Documentos\\EbacProyects\\CARAS\\caras-landing\\src\\components\\header\\index.tsx","statementMap":{"0":{"start":{"line":4,"column":6},"end":{"line":11,"column":null}},"1":{"start":{"line":5,"column":4},"end":{"line":11,"column":null}}},"fnMap":{"0":{"name":"(anonymous_0)","decl":{"start":{"line":4,"column":6},"end":{"line":4,"column":16}},"loc":{"start":{"line":4,"column":23},"end":{"line":11,"column":null}},"line":4}},"branchMap":{},"s":{"0":1,"1":1},"f":{"0":1},"b":{},"meta":{"lastBranch":0,"lastFunction":1,"lastStatement":2,"seen":{"s:4:6:11:Infinity":0,"f:4:6:4:16":0,"s:5:4:11:Infinity":1},"fnNames":{}}}
,"C:\\Users\\rebed\\OneDrive\\Documentos\\EbacProyects\\CARAS\\caras-landing\\src\\components\\header\\styles.ts": {"path":"C:\\Users\\rebed\\OneDrive\\Documentos\\EbacProyects\\CARAS\\caras-landing\\src\\components\\header\\styles.ts","statementMap":{"0":{"start":{"line":3,"column":18},"end":{"line":6,"column":null}},"1":{"start":{"line":6,"column":39},"end":{"line":6,"column":63}},"2":{"start":{"line":10,"column":18},"end":{"line":10,"column":null}},"3":{"start":{"line":15,"column":17},"end":{"line":16,"column":null}},"4":{"start":{"line":16,"column":28},"end":{"line":16,"column":47}},"5":{"start":{"line":19,"column":17},"end":{"line":20,"column":null}},"6":{"start":{"line":20,"column":28},"end":{"line":20,"column":47}}},"fnMap":{"0":{"name":"(anonymous_0)","decl":{"start":{"line":6,"column":25},"end":{"line":6,"column":27}},"loc":{"start":{"line":6,"column":39},"end":{"line":6,"column":63}},"line":6},"1":{"name":"(anonymous_1)","decl":{"start":{"line":16,"column":14},"end":{"line":16,"column":16}},"loc":{"start":{"line":16,"column":28},"end":{"line":16,"column":47}},"line":16},"2":{"name":"(anonymous_2)","decl":{"start":{"line":20,"column":14},"end":{"line":20,"column":16}},"loc":{"start":{"line":20,"column":28},"end":{"line":20,"column":47}},"line":20}},"branchMap":{},"s":{"0":1,"1":1,"2":1,"3":1,"4":1,"5":1,"6":1},"f":{"0":1,"1":1,"2":1},"b":{},"meta":{"lastBranch":0,"lastFunction":3,"lastStatement":7,"seen":{"s:3:18:6:Infinity":0,"f:6:25:6:27":0,"s:6:39:6:63":1,"s:10:18:10:Infinity":2,"s:15:17:16:Infinity":3,"f:16:14:16:16":1,"s:16:28:16:47":4,"s:19:17:20:Infinity":5,"f:20:14:20:16":2,"s:20:28:20:47":6},"fnNames":{}}}
,"C:\\Users\\rebed\\OneDrive\\Documentos\\EbacProyects\\CARAS\\caras-landing\\src\\components\\suscriptionForm\\index.tsx": {"path":"C:\\Users\\rebed\\OneDrive\\Documentos\\EbacProyects\\CARAS\\caras-landing\\src\\components\\suscriptionForm\\index.tsx","statementMap":{"0":{"start":{"line":10,"column":6},"end":{"line":102,"column":null}},"1":{"start":{"line":12,"column":18},"end":{"line":15,"column":6}},"2":{"start":{"line":17,"column":20},"end":{"line":21,"column":6}},"3":{"start":{"line":23,"column":10},"end":{"line":35,"column":null}},"4":{"start":{"line":24,"column":8},"end":{"line":28,"column":null}},"5":{"start":{"line":30,"column":8},"end":{"line":35,"column":null}},"6":{"start":{"line":31,"column":8},"end":{"line":34,"column":null}},"7":{"start":{"line":31,"column":30},"end":{"line":34,"column":11}},"8":{"start":{"line":38,"column":10},"end":{"line":61,"column":null}},"9":{"start":{"line":39,"column":8},"end":{"line":39,"column":null}},"10":{"start":{"line":41,"column":28},"end":{"line":41,"column":48}},"11":{"start":{"line":42,"column":25},"end":{"line":42,"column":42}},"12":{"start":{"line":44,"column":8},"end":{"line":46,"column":null}},"13":{"start":{"line":45,"column":12},"end":{"line":45,"column":null}},"14":{"start":{"line":46,"column":12},"end":{"line":46,"column":null}},"15":{"start":{"line":49,"column":28},"end":{"line":49,"column":71}},"16":{"start":{"line":51,"column":8},"end":{"line":53,"column":null}},"17":{"start":{"line":52,"column":12},"end":{"line":52,"column":null}},"18":{"start":{"line":53,"column":12},"end":{"line":53,"column":null}},"19":{"start":{"line":56,"column":8},"end":{"line":56,"column":null}},"20":{"start":{"line":58,"column":8},"end":{"line":61,"column":null}},"21":{"start":{"line":64,"column":10},"end":{"line":66,"column":null}},"22":{"start":{"line":65,"column":30},"end":{"line":65,"column":null}},"23":{"start":{"line":66,"column":8},"end":{"line":66,"column":null}},"24":{"start":{"line":66,"column":25},"end":{"line":66,"column":51}},"25":{"start":{"line":69,"column":4},"end":{"line":102,"column":null}},"26":{"start":{"line":80,"column":33},"end":{"line":80,"column":53}},"27":{"start":{"line":89,"column":33},"end":{"line":89,"column":53}}},"fnMap":{"0":{"name":"(anonymous_0)","decl":{"start":{"line":10,"column":6},"end":{"line":10,"column":30}},"loc":{"start":{"line":10,"column":30},"end":{"line":102,"column":null}},"line":10},"1":{"name":"(anonymous_1)","decl":{"start":{"line":23,"column":10},"end":{"line":23,"column":25}},"loc":{"start":{"line":23,"column":69},"end":{"line":35,"column":null}},"line":23},"2":{"name":"(anonymous_2)","decl":{"start":{"line":30,"column":8},"end":{"line":30,"column":25}},"loc":{"start":{"line":30,"column":25},"end":{"line":35,"column":16}},"line":30},"3":{"name":"(anonymous_3)","decl":{"start":{"line":31,"column":8},"end":{"line":31,"column":20}},"loc":{"start":{"line":31,"column":30},"end":{"line":34,"column":11}},"line":31},"4":{"name":"(anonymous_4)","decl":{"start":{"line":38,"column":10},"end":{"line":38,"column":26}},"loc":{"start":{"line":38,"column":67},"end":{"line":61,"column":null}},"line":38},"5":{"name":"(anonymous_5)","decl":{"start":{"line":64,"column":10},"end":{"line":64,"column":31}},"loc":{"start":{"line":64,"column":73},"end":{"line":66,"column":null}},"line":64},"6":{"name":"(anonymous_6)","decl":{"start":{"line":66,"column":8},"end":{"line":66,"column":16}},"loc":{"start":{"line":66,"column":25},"end":{"line":66,"column":51}},"line":66},"7":{"name":"(anonymous_7)","decl":{"start":{"line":80,"column":16},"end":{"line":80,"column":27}},"loc":{"start":{"line":80,"column":33},"end":{"line":80,"column":53}},"line":80},"8":{"name":"(anonymous_8)","decl":{"start":{"line":89,"column":16},"end":{"line":89,"column":27}},"loc":{"start":{"line":89,"column":33},"end":{"line":89,"column":53}},"line":89}},"branchMap":{"0":{"loc":{"start":{"line":44,"column":8},"end":{"line":46,"column":null}},"type":"if","locations":[{"start":{"line":44,"column":8},"end":{"line":46,"column":null}},{"start":{},"end":{}}],"line":44},"1":{"loc":{"start":{"line":44,"column":12},"end":{"line":44,"column":51}},"type":"binary-expr","locations":[{"start":{"line":44,"column":12},"end":{"line":44,"column":34}},{"start":{"line":44,"column":34},"end":{"line":44,"column":51}}],"line":44},"2":{"loc":{"start":{"line":51,"column":8},"end":{"line":53,"column":null}},"type":"if","locations":[{"start":{"line":51,"column":8},"end":{"line":53,"column":null}},{"start":{},"end":{}}],"line":51},"3":{"loc":{"start":{"line":94,"column":17},"end":{"line":98,"column":null}},"type":"binary-expr","locations":[{"start":{"line":94,"column":17},"end":{"line":94,"column":null}},{"start":{"line":95,"column":20},"end":{"line":98,"column":null}}],"line":94},"4":{"loc":{"start":{"line":95,"column":20},"end":{"line":98,"column":null}},"type":"cond-expr","locations":[{"start":{"line":96,"column":20},"end":{"line":98,"column":25}},{"start":{"line":98,"column":24},"end":{"line":98,"column":null}}],"line":95}},"s":{"0":1,"1":66,"2":66,"3":66,"4":3,"5":3,"6":0,"7":0,"8":66,"9":3,"10":3,"11":3,"12":3,"13":1,"14":1,"15":2,"16":2,"17":1,"18":1,"19":1,"20":1,"21":66,"22":59,"23":59,"24":59,"25":66,"26":26,"27":33},"f":{"0":66,"1":3,"2":0,"3":0,"4":3,"5":59,"6":59,"7":26,"8":33},"b":{"0":[1,2],"1":[3,2],"2":[1,1],"3":[66,3],"4":[1,2]},"meta":{"lastBranch":5,"lastFunction":9,"lastStatement":28,"seen":{"s:10:6:102:Infinity":0,"f:10:6:10:30":0,"s:12:18:15:6":1,"s:17:20:21:6":2,"s:23:10:35:Infinity":3,"f:23:10:23:25":1,"s:24:8:28:Infinity":4,"s:30:8:35:Infinity":5,"f:30:8:30:25":2,"s:31:8:34:Infinity":6,"f:31:8:31:20":3,"s:31:30:34:11":7,"s:38:10:61:Infinity":8,"f:38:10:38:26":4,"s:39:8:39:Infinity":9,"s:41:28:41:48":10,"s:42:25:42:42":11,"b:44:8:46:Infinity:undefined:undefined:undefined:undefined":0,"s:44:8:46:Infinity":12,"b:44:12:44:34:44:34:44:51":1,"s:45:12:45:Infinity":13,"s:46:12:46:Infinity":14,"s:49:28:49:71":15,"b:51:8:53:Infinity:undefined:undefined:undefined:undefined":2,"s:51:8:53:Infinity":16,"s:52:12:52:Infinity":17,"s:53:12:53:Infinity":18,"s:56:8:56:Infinity":19,"s:58:8:61:Infinity":20,"s:64:10:66:Infinity":21,"f:64:10:64:31":5,"s:65:30:65:Infinity":22,"s:66:8:66:Infinity":23,"f:66:8:66:16":6,"s:66:25:66:51":24,"s:69:4:102:Infinity":25,"f:80:16:80:27":7,"s:80:33:80:53":26,"f:89:16:89:27":8,"s:89:33:89:53":27,"b:94:17:94:Infinity:95:20:98:Infinity":3,"b:96:20:98:25:98:24:98:Infinity":4},"fnNames":{}}}
,"C:\\Users\\rebed\\OneDrive\\Documentos\\EbacProyects\\CARAS\\caras-landing\\src\\components\\suscriptionForm\\styles.ts": {"path":"C:\\Users\\rebed\\OneDrive\\Documentos\\EbacProyects\\CARAS\\caras-landing\\src\\components\\suscriptionForm\\styles.ts","statementMap":{"0":{"start":{"line":4,"column":15},"end":{"line":7,"column":null}},"1":{"start":{"line":14,"column":23},"end":{"line":27,"column":null}},"2":{"start":{"line":26,"column":39},"end":{"line":26,"column":63}},"3":{"start":{"line":27,"column":39},"end":{"line":27,"column":58}},"4":{"start":{"line":30,"column":18},"end":{"line":35,"column":null}},"5":{"start":{"line":31,"column":34},"end":{"line":31,"column":58}},"6":{"start":{"line":35,"column":28},"end":{"line":35,"column":null}},"7":{"start":{"line":38,"column":18},"end":{"line":39,"column":null}},"8":{"start":{"line":39,"column":34},"end":{"line":39,"column":53}},"9":{"start":{"line":46,"column":19},"end":{"line":48,"column":null}},"10":{"start":{"line":48,"column":34},"end":{"line":48,"column":53}},"11":{"start":{"line":56,"column":23},"end":{"line":56,"column":null}},"12":{"start":{"line":62,"column":21},"end":{"line":62,"column":null}}},"fnMap":{"0":{"name":"(anonymous_0)","decl":{"start":{"line":26,"column":25},"end":{"line":26,"column":27}},"loc":{"start":{"line":26,"column":39},"end":{"line":26,"column":63}},"line":26},"1":{"name":"(anonymous_1)","decl":{"start":{"line":27,"column":25},"end":{"line":27,"column":27}},"loc":{"start":{"line":27,"column":39},"end":{"line":27,"column":58}},"line":27},"2":{"name":"(anonymous_2)","decl":{"start":{"line":31,"column":20},"end":{"line":31,"column":22}},"loc":{"start":{"line":31,"column":34},"end":{"line":31,"column":58}},"line":31},"3":{"name":"(anonymous_3)","decl":{"start":{"line":35,"column":14},"end":{"line":35,"column":16}},"loc":{"start":{"line":35,"column":28},"end":{"line":35,"column":null}},"line":35},"4":{"name":"(anonymous_4)","decl":{"start":{"line":39,"column":20},"end":{"line":39,"column":22}},"loc":{"start":{"line":39,"column":34},"end":{"line":39,"column":53}},"line":39},"5":{"name":"(anonymous_5)","decl":{"start":{"line":48,"column":20},"end":{"line":48,"column":22}},"loc":{"start":{"line":48,"column":34},"end":{"line":48,"column":53}},"line":48}},"branchMap":{},"s":{"0":1,"1":1,"2":66,"3":66,"4":1,"5":66,"6":66,"7":1,"8":132,"9":1,"10":66,"11":1,"12":1},"f":{"0":66,"1":66,"2":66,"3":66,"4":132,"5":66},"b":{},"meta":{"lastBranch":0,"lastFunction":6,"lastStatement":13,"seen":{"s:4:15:7:Infinity":0,"s:14:23:27:Infinity":1,"f:26:25:26:27":0,"s:26:39:26:63":2,"f:27:25:27:27":1,"s:27:39:27:58":3,"s:30:18:35:Infinity":4,"f:31:20:31:22":2,"s:31:34:31:58":5,"f:35:14:35:16":3,"s:35:28:35:Infinity":6,"s:38:18:39:Infinity":7,"f:39:20:39:22":4,"s:39:34:39:53":8,"s:46:19:48:Infinity":9,"f:48:20:48:22":5,"s:48:34:48:53":10,"s:56:23:56:Infinity":11,"s:62:21:62:Infinity":12},"fnNames":{}}}
,"C:\\Users\\rebed\\OneDrive\\Documentos\\EbacProyects\\CARAS\\caras-landing\\src\\components\\testimonials\\index.tsx": {"path":"C:\\Users\\rebed\\OneDrive\\Documentos\\EbacProyects\\CARAS\\caras-landing\\src\\components\\testimonials\\index.tsx","statementMap":{"0":{"start":{"line":6,"column":6},"end":{"line":38,"column":null}},"1":{"start":{"line":7,"column":4},"end":{"line":38,"column":null}}},"fnMap":{"0":{"name":"(anonymous_0)","decl":{"start":{"line":6,"column":6},"end":{"line":6,"column":27}},"loc":{"start":{"line":6,"column":27},"end":{"line":38,"column":null}},"line":6}},"branchMap":{},"s":{"0":1,"1":1},"f":{"0":1},"b":{},"meta":{"lastBranch":0,"lastFunction":1,"lastStatement":2,"seen":{"s:6:6:38:Infinity":0,"f:6:6:6:27":0,"s:7:4:38:Infinity":1},"fnNames":{}}}
,"C:\\Users\\rebed\\OneDrive\\Documentos\\EbacProyects\\CARAS\\caras-landing\\src\\components\\testimonials\\styles.ts": {"path":"C:\\Users\\rebed\\OneDrive\\Documentos\\EbacProyects\\CARAS\\caras-landing\\src\\components\\testimonials\\styles.ts","statementMap":{"0":{"start":{"line":3,"column":25},"end":{"line":3,"column":null}},"1":{"start":{"line":10,"column":25},"end":{"line":10,"column":null}},"2":{"start":{"line":19,"column":30},"end":{"line":26,"column":null}},"3":{"start":{"line":26,"column":39},"end":{"line":26,"column":63}},"4":{"start":{"line":29,"column":21},"end":{"line":29,"column":null}},"5":{"start":{"line":37,"column":18},"end":{"line":37,"column":null}},"6":{"start":{"line":43,"column":27},"end":{"line":47,"column":null}},"7":{"start":{"line":44,"column":34},"end":{"line":44,"column":58}},"8":{"start":{"line":47,"column":28},"end":{"line":47,"column":45}},"9":{"start":{"line":50,"column":17},"end":{"line":51,"column":null}},"10":{"start":{"line":51,"column":34},"end":{"line":51,"column":53}}},"fnMap":{"0":{"name":"(anonymous_0)","decl":{"start":{"line":26,"column":25},"end":{"line":26,"column":27}},"loc":{"start":{"line":26,"column":39},"end":{"line":26,"column":63}},"line":26},"1":{"name":"(anonymous_1)","decl":{"start":{"line":44,"column":20},"end":{"line":44,"column":22}},"loc":{"start":{"line":44,"column":34},"end":{"line":44,"column":58}},"line":44},"2":{"name":"(anonymous_2)","decl":{"start":{"line":47,"column":14},"end":{"line":47,"column":16}},"loc":{"start":{"line":47,"column":28},"end":{"line":47,"column":45}},"line":47},"3":{"name":"(anonymous_3)","decl":{"start":{"line":51,"column":20},"end":{"line":51,"column":22}},"loc":{"start":{"line":51,"column":34},"end":{"line":51,"column":53}},"line":51}},"branchMap":{},"s":{"0":1,"1":1,"2":1,"3":3,"4":1,"5":1,"6":1,"7":3,"8":3,"9":1,"10":3},"f":{"0":3,"1":3,"2":3,"3":3},"b":{},"meta":{"lastBranch":0,"lastFunction":4,"lastStatement":11,"seen":{"s:3:25:3:Infinity":0,"s:10:25:10:Infinity":1,"s:19:30:26:Infinity":2,"f:26:25:26:27":0,"s:26:39:26:63":3,"s:29:21:29:Infinity":4,"s:37:18:37:Infinity":5,"s:43:27:47:Infinity":6,"f:44:20:44:22":1,"s:44:34:44:58":7,"f:47:14:47:16":2,"s:47:28:47:45":8,"s:50:17:51:Infinity":9,"f:51:20:51:22":3,"s:51:34:51:53":10},"fnNames":{}}}
,"C:\\Users\\rebed\\OneDrive\\Documentos\\EbacProyects\\CARAS\\caras-landing\\src\\theme\\index.tsx": {"path":"C:\\Users\\rebed\\OneDrive\\Documentos\\EbacProyects\\CARAS\\caras-landing\\src\\theme\\index.tsx","statementMap":{"0":{"start":{"line":1,"column":14},"end":{"line":17,"column":null}}},"fnMap":{},"branchMap":{},"s":{"0":5},"f":{},"b":{},"meta":{"lastBranch":0,"lastFunction":0,"lastStatement":1,"seen":{"s:1:14:17:Infinity":0},"fnNames":{}}}
}
